<?xml version="1.0" encoding="UTF-8"?>
<testsuite xmlns:xsi="http://www.w3.org/2001/XMLSchema-instance" xsi:noNamespaceSchemaLocation="https://maven.apache.org/surefire/maven-surefire-plugin/xsd/surefire-test-report-3.0.xsd" version="3.0" name="com.pluralsight.bookstore.repository.BookRepositoryTest" time="2.46" tests="1" errors="0" skipped="0" failures="0">
  <properties>
    <property name="sun.desktop" value="gnome"/>
    <property name="awt.toolkit" value="sun.awt.X11.XToolkit"/>
    <property name="file.encoding.pkg" value="sun.io"/>
    <property name="java.specification.version" value="1.8"/>
    <property name="arquillian.launch" value="jboss"/>
    <property name="sun.cpu.isalist" value=""/>
    <property name="sun.jnu.encoding" value="UTF-8"/>
    <property name="java.class.path" value="/home/jlucas/eclipse-workspace/bookstore-back/target/test-classes:/home/jlucas/eclipse-workspace/bookstore-back/target/classes:/home/jlucas/.m2/repository/javax/javaee-web-api/7.0/javaee-web-api-7.0.jar:/home/jlucas/.m2/repository/junit/junit/4.12/junit-4.12.jar:/home/jlucas/.m2/repository/org/hamcrest/hamcrest-core/1.3/hamcrest-core-1.3.jar:/home/jlucas/.m2/repository/org/jboss/shrinkwrap/shrinkwrap-spi/1.2.6/shrinkwrap-spi-1.2.6.jar:/home/jlucas/.m2/repository/org/jboss/shrinkwrap/resolver/shrinkwrap-resolver-api/3.0.1/shrinkwrap-resolver-api-3.0.1.jar:/home/jlucas/.m2/repository/org/jboss/shrinkwrap/resolver/shrinkwrap-resolver-spi/3.0.1/shrinkwrap-resolver-spi-3.0.1.jar:/home/jlucas/.m2/repository/org/jboss/shrinkwrap/resolver/shrinkwrap-resolver-api-maven/3.0.1/shrinkwrap-resolver-api-maven-3.0.1.jar:/home/jlucas/.m2/repository/org/apache/maven/maven-model/3.3.9/maven-model-3.3.9.jar:/home/jlucas/.m2/repository/org/apache/commons/commons-lang3/3.4/commons-lang3-3.4.jar:/home/jlucas/.m2/repository/org/jboss/shrinkwrap/resolver/shrinkwrap-resolver-spi-maven/3.0.1/shrinkwrap-resolver-spi-maven-3.0.1.jar:/home/jlucas/.m2/repository/org/jboss/shrinkwrap/resolver/shrinkwrap-resolver-api-maven-archive/3.0.1/shrinkwrap-resolver-api-maven-archive-3.0.1.jar:/home/jlucas/.m2/repository/org/jboss/shrinkwrap/resolver/shrinkwrap-resolver-impl-maven/3.0.1/shrinkwrap-resolver-impl-maven-3.0.1.jar:/home/jlucas/.m2/repository/org/eclipse/aether/aether-api/1.0.2.v20150114/aether-api-1.0.2.v20150114.jar:/home/jlucas/.m2/repository/org/eclipse/aether/aether-impl/1.0.2.v20150114/aether-impl-1.0.2.v20150114.jar:/home/jlucas/.m2/repository/org/eclipse/aether/aether-spi/1.0.2.v20150114/aether-spi-1.0.2.v20150114.jar:/home/jlucas/.m2/repository/org/eclipse/aether/aether-util/1.0.2.v20150114/aether-util-1.0.2.v20150114.jar:/home/jlucas/.m2/repository/org/eclipse/aether/aether-connector-basic/1.0.2.v20150114/aether-connector-basic-1.0.2.v20150114.jar:/home/jlucas/.m2/repository/org/eclipse/aether/aether-transport-wagon/1.0.2.v20150114/aether-transport-wagon-1.0.2.v20150114.jar:/home/jlucas/.m2/repository/org/apache/maven/maven-aether-provider/3.3.9/maven-aether-provider-3.3.9.jar:/home/jlucas/.m2/repository/org/codehaus/plexus/plexus-component-annotations/1.6/plexus-component-annotations-1.6.jar:/home/jlucas/.m2/repository/org/apache/maven/maven-model-builder/3.3.9/maven-model-builder-3.3.9.jar:/home/jlucas/.m2/repository/org/apache/maven/maven-artifact/3.3.9/maven-artifact-3.3.9.jar:/home/jlucas/.m2/repository/org/apache/maven/maven-builder-support/3.3.9/maven-builder-support-3.3.9.jar:/home/jlucas/.m2/repository/com/google/guava/guava/18.0/guava-18.0.jar:/home/jlucas/.m2/repository/org/apache/maven/maven-repository-metadata/3.3.9/maven-repository-metadata-3.3.9.jar:/home/jlucas/.m2/repository/org/apache/maven/maven-settings/3.3.9/maven-settings-3.3.9.jar:/home/jlucas/.m2/repository/org/apache/maven/maven-settings-builder/3.3.9/maven-settings-builder-3.3.9.jar:/home/jlucas/.m2/repository/org/codehaus/plexus/plexus-interpolation/1.21/plexus-interpolation-1.21.jar:/home/jlucas/.m2/repository/org/codehaus/plexus/plexus-utils/3.0.22/plexus-utils-3.0.22.jar:/home/jlucas/.m2/repository/org/sonatype/plexus/plexus-sec-dispatcher/1.3/plexus-sec-dispatcher-1.3.jar:/home/jlucas/.m2/repository/org/sonatype/plexus/plexus-cipher/1.7/plexus-cipher-1.7.jar:/home/jlucas/.m2/repository/org/apache/maven/wagon/wagon-provider-api/2.10/wagon-provider-api-2.10.jar:/home/jlucas/.m2/repository/org/apache/maven/wagon/wagon-file/2.10/wagon-file-2.10.jar:/home/jlucas/.m2/repository/commons-lang/commons-lang/2.6/commons-lang-2.6.jar:/home/jlucas/.m2/repository/org/apache/maven/wagon/wagon-http-lightweight/2.10/wagon-http-lightweight-2.10.jar:/home/jlucas/.m2/repository/org/apache/maven/wagon/wagon-http-shared/2.10/wagon-http-shared-2.10.jar:/home/jlucas/.m2/repository/org/jsoup/jsoup/1.7.2/jsoup-1.7.2.jar:/home/jlucas/.m2/repository/commons-io/commons-io/2.2/commons-io-2.2.jar:/home/jlucas/.m2/repository/org/jboss/shrinkwrap/resolver/shrinkwrap-resolver-impl-maven-archive/3.0.1/shrinkwrap-resolver-impl-maven-archive-3.0.1.jar:/home/jlucas/.m2/repository/org/jboss/shrinkwrap/resolver/shrinkwrap-resolver-spi-maven-archive/3.0.1/shrinkwrap-resolver-spi-maven-archive-3.0.1.jar:/home/jlucas/.m2/repository/org/eclipse/sisu/org.eclipse.sisu.plexus/0.3.2/org.eclipse.sisu.plexus-0.3.2.jar:/home/jlucas/.m2/repository/org/eclipse/sisu/org.eclipse.sisu.inject/0.3.2/org.eclipse.sisu.inject-0.3.2.jar:/home/jlucas/.m2/repository/org/codehaus/plexus/plexus-compiler-javac/2.7/plexus-compiler-javac-2.7.jar:/home/jlucas/.m2/repository/org/codehaus/plexus/plexus-compiler-api/2.7/plexus-compiler-api-2.7.jar:/home/jlucas/.m2/repository/org/jboss/shrinkwrap/resolver/shrinkwrap-resolver-api-maven-embedded/3.0.1/shrinkwrap-resolver-api-maven-embedded-3.0.1.jar:/home/jlucas/.m2/repository/org/apache/maven/shared/maven-invoker/3.0.0/maven-invoker-3.0.0.jar:/home/jlucas/.m2/repository/org/jboss/shrinkwrap/resolver/shrinkwrap-resolver-impl-maven-embedded/3.0.1/shrinkwrap-resolver-impl-maven-embedded-3.0.1.jar:/home/jlucas/.m2/repository/org/arquillian/spacelift/arquillian-spacelift/1.0.2/arquillian-spacelift-1.0.2.jar:/home/jlucas/.m2/repository/org/arquillian/spacelift/arquillian-spacelift-api/1.0.2/arquillian-spacelift-api-1.0.2.jar:/home/jlucas/.m2/repository/org/apache/commons/commons-compress/1.8.1/commons-compress-1.8.1.jar:/home/jlucas/.m2/repository/commons-codec/commons-codec/1.10/commons-codec-1.10.jar:/home/jlucas/.m2/repository/org/jboss/arquillian/junit/arquillian-junit-container/1.2.0.Final/arquillian-junit-container-1.2.0.Final.jar:/home/jlucas/.m2/repository/org/jboss/arquillian/junit/arquillian-junit-core/1.2.0.Final/arquillian-junit-core-1.2.0.Final.jar:/home/jlucas/.m2/repository/org/jboss/arquillian/test/arquillian-test-api/1.2.0.Final/arquillian-test-api-1.2.0.Final.jar:/home/jlucas/.m2/repository/org/jboss/arquillian/test/arquillian-test-spi/1.2.0.Final/arquillian-test-spi-1.2.0.Final.jar:/home/jlucas/.m2/repository/org/jboss/arquillian/container/arquillian-container-test-api/1.2.0.Final/arquillian-container-test-api-1.2.0.Final.jar:/home/jlucas/.m2/repository/org/jboss/arquillian/container/arquillian-container-test-spi/1.2.0.Final/arquillian-container-test-spi-1.2.0.Final.jar:/home/jlucas/.m2/repository/org/jboss/arquillian/container/arquillian-container-spi/1.2.0.Final/arquillian-container-spi-1.2.0.Final.jar:/home/jlucas/.m2/repository/org/jboss/shrinkwrap/descriptors/shrinkwrap-descriptors-api-base/2.0.0/shrinkwrap-descriptors-api-base-2.0.0.jar:/home/jlucas/.m2/repository/org/jboss/arquillian/core/arquillian-core-impl-base/1.2.0.Final/arquillian-core-impl-base-1.2.0.Final.jar:/home/jlucas/.m2/repository/org/jboss/arquillian/test/arquillian-test-impl-base/1.2.0.Final/arquillian-test-impl-base-1.2.0.Final.jar:/home/jlucas/.m2/repository/org/jboss/arquillian/container/arquillian-container-impl-base/1.2.0.Final/arquillian-container-impl-base-1.2.0.Final.jar:/home/jlucas/.m2/repository/org/jboss/arquillian/config/arquillian-config-api/1.2.0.Final/arquillian-config-api-1.2.0.Final.jar:/home/jlucas/.m2/repository/org/jboss/arquillian/config/arquillian-config-impl-base/1.2.0.Final/arquillian-config-impl-base-1.2.0.Final.jar:/home/jlucas/.m2/repository/org/jboss/shrinkwrap/descriptors/shrinkwrap-descriptors-spi/2.0.0/shrinkwrap-descriptors-spi-2.0.0.jar:/home/jlucas/.m2/repository/org/jboss/arquillian/container/arquillian-container-test-impl-base/1.2.0.Final/arquillian-container-test-impl-base-1.2.0.Final.jar:/home/jlucas/.m2/repository/org/jboss/shrinkwrap/shrinkwrap-impl-base/1.2.6/shrinkwrap-impl-base-1.2.6.jar:/home/jlucas/.m2/repository/org/jboss/shrinkwrap/shrinkwrap-api/1.2.6/shrinkwrap-api-1.2.6.jar:/home/jlucas/.m2/repository/org/wildfly/arquillian/wildfly-arquillian-container-remote/2.1.1.Final/wildfly-arquillian-container-remote-2.1.1.Final.jar:/home/jlucas/.m2/repository/org/wildfly/arquillian/wildfly-arquillian-common/2.1.1.Final/wildfly-arquillian-common-2.1.1.Final.jar:/home/jlucas/.m2/repository/org/jboss/arquillian/testenricher/arquillian-testenricher-cdi/1.2.0.Final/arquillian-testenricher-cdi-1.2.0.Final.jar:/home/jlucas/.m2/repository/org/jboss/arquillian/testenricher/arquillian-testenricher-ejb/1.2.0.Final/arquillian-testenricher-ejb-1.2.0.Final.jar:/home/jlucas/.m2/repository/org/jboss/arquillian/testenricher/arquillian-testenricher-initialcontext/1.2.0.Final/arquillian-testenricher-initialcontext-1.2.0.Final.jar:/home/jlucas/.m2/repository/org/jboss/arquillian/testenricher/arquillian-testenricher-resource/1.2.0.Final/arquillian-testenricher-resource-1.2.0.Final.jar:/home/jlucas/.m2/repository/org/jboss/arquillian/protocol/arquillian-protocol-servlet/1.2.0.Final/arquillian-protocol-servlet-1.2.0.Final.jar:/home/jlucas/.m2/repository/org/wildfly/arquillian/wildfly-arquillian-testenricher-msc/2.1.1.Final/wildfly-arquillian-testenricher-msc-2.1.1.Final.jar:/home/jlucas/.m2/repository/org/wildfly/core/wildfly-server/3.0.0.Final/wildfly-server-3.0.0.Final.jar:/home/jlucas/.m2/repository/org/wildfly/core/wildfly-controller/3.0.0.Final/wildfly-controller-3.0.0.Final.jar:/home/jlucas/.m2/repository/org/jboss/staxmapper/1.3.0.Final/staxmapper-1.3.0.Final.jar:/home/jlucas/.m2/repository/org/projectodd/vdx/vdx-wildfly/1.1.6/vdx-wildfly-1.1.6.jar:/home/jlucas/.m2/repository/org/projectodd/vdx/vdx-core/1.1.6/vdx-core-1.1.6.jar:/home/jlucas/.m2/repository/org/wildfly/core/wildfly-core-management-client/3.0.0.Final/wildfly-core-management-client-3.0.0.Final.jar:/home/jlucas/.m2/repository/org/wildfly/core/wildfly-domain-http-interface/3.0.0.Final/wildfly-domain-http-interface-3.0.0.Final.jar:/home/jlucas/.m2/repository/org/wildfly/security/elytron-web/undertow-server/1.0.0.Final/undertow-server-1.0.0.Final.jar:/home/jlucas/.m2/repository/org/wildfly/core/wildfly-deployment-repository/3.0.0.Final/wildfly-deployment-repository-3.0.0.Final.jar:/home/jlucas/.m2/repository/org/wildfly/core/wildfly-platform-mbean/3.0.0.Final/wildfly-platform-mbean-3.0.0.Final.jar:/home/jlucas/.m2/repository/org/wildfly/core/wildfly-process-controller/3.0.0.Final/wildfly-process-controller-3.0.0.Final.jar:/home/jlucas/.m2/repository/org/wildfly/core/wildfly-network/3.0.0.Final/wildfly-network-3.0.0.Final.jar:/home/jlucas/.m2/repository/org/wildfly/core/wildfly-version/3.0.0.Final/wildfly-version-3.0.0.Final.jar:/home/jlucas/.m2/repository/org/jboss/jandex/2.0.3.Final/jandex-2.0.3.Final.jar:/home/jlucas/.m2/repository/org/jboss/invocation/jboss-invocation/1.5.0.Final/jboss-invocation-1.5.0.Final.jar:/home/jlucas/.m2/repository/org/jboss/logmanager/jboss-logmanager/2.0.7.Final/jboss-logmanager-2.0.7.Final.jar:/home/jlucas/.m2/repository/org/jboss/modules/jboss-modules/1.6.0.Final/jboss-modules-1.6.0.Final.jar:/home/jlucas/.m2/repository/org/jboss/remoting/jboss-remoting/5.0.0.Final/jboss-remoting-5.0.0.Final.jar:/home/jlucas/.m2/repository/org/jboss/stdio/jboss-stdio/1.0.2.GA/jboss-stdio-1.0.2.GA.jar:/home/jlucas/.m2/repository/org/jboss/jboss-vfs/3.2.12.Final/jboss-vfs-3.2.12.Final.jar:/home/jlucas/.m2/repository/io/undertow/undertow-core/1.4.18.Final/undertow-core-1.4.18.Final.jar:/home/jlucas/.m2/repository/org/wildfly/core/wildfly-controller-client/3.0.0.Final/wildfly-controller-client-3.0.0.Final.jar:/home/jlucas/.m2/repository/org/wildfly/core/wildfly-protocol/3.0.0.Final/wildfly-protocol-3.0.0.Final.jar:/home/jlucas/.m2/repository/org/jboss/xnio/xnio-api/3.5.1.Final/xnio-api-3.5.1.Final.jar:/home/jlucas/.m2/repository/org/jboss/xnio/xnio-nio/3.5.1.Final/xnio-nio-3.5.1.Final.jar:/home/jlucas/.m2/repository/org/jboss/jboss-dmr/1.4.1.Final/jboss-dmr-1.4.1.Final.jar:/home/jlucas/.m2/repository/org/jboss/logging/jboss-logging/3.3.1.Final/jboss-logging-3.3.1.Final.jar:/home/jlucas/.m2/repository/org/jboss/threads/jboss-threads/2.2.1.Final/jboss-threads-2.2.1.Final.jar:/home/jlucas/.m2/repository/org/wildfly/plugins/wildfly-plugin-core/1.2.0.Final/wildfly-plugin-core-1.2.0.Final.jar:/home/jlucas/.m2/repository/org/jboss/shrinkwrap/descriptors/shrinkwrap-descriptors-impl-base/2.0.0/shrinkwrap-descriptors-impl-base-2.0.0.jar:/home/jlucas/.m2/repository/org/wildfly/common/wildfly-common/1.2.0.Final/wildfly-common-1.2.0.Final.jar:/home/jlucas/.m2/repository/org/wildfly/arquillian/wildfly-arquillian-protocol-jmx/2.1.1.Final/wildfly-arquillian-protocol-jmx-2.1.1.Final.jar:/home/jlucas/.m2/repository/org/wildfly/security/wildfly-elytron/1.1.0.Final/wildfly-elytron-1.1.0.Final.jar:/home/jlucas/.m2/repository/org/jboss/arquillian/core/arquillian-core-spi/1.2.0.Final/arquillian-core-spi-1.2.0.Final.jar:/home/jlucas/.m2/repository/org/jboss/arquillian/protocol/arquillian-protocol-jmx/1.2.0.Final/arquillian-protocol-jmx-1.2.0.Final.jar:/home/jlucas/.m2/repository/org/wildfly/core/wildfly-jmx/3.0.0.Final/wildfly-jmx-3.0.0.Final.jar:/home/jlucas/.m2/repository/org/jboss/msc/jboss-msc/1.2.7.SP1/jboss-msc-1.2.7.SP1.jar:/home/jlucas/.m2/repository/org/jboss/remotingjmx/remoting-jmx/3.0.0.Final/remoting-jmx-3.0.0.Final.jar:/home/jlucas/.m2/repository/org/wildfly/client/wildfly-client-config/1.0.0.Final/wildfly-client-config-1.0.0.Final.jar:/home/jlucas/.m2/repository/org/wildfly/core/wildfly-remoting/3.0.0.Final/wildfly-remoting-3.0.0.Final.jar:/home/jlucas/.m2/repository/org/wildfly/core/wildfly-domain-management/3.0.0.Final/wildfly-domain-management-3.0.0.Final.jar:/home/jlucas/.m2/repository/org/picketbox/picketbox/5.0.2.Final/picketbox-5.0.2.Final.jar:/home/jlucas/.m2/repository/org/wildfly/openssl/wildfly-openssl-java/1.0.2.Final/wildfly-openssl-java-1.0.2.Final.jar:/home/jlucas/.m2/repository/org/wildfly/core/wildfly-core-security/3.0.0.Final/wildfly-core-security-3.0.0.Final.jar:/home/jlucas/.m2/repository/org/wildfly/core/wildfly-core-security-api/3.0.0.Final/wildfly-core-security-api-3.0.0.Final.jar:/home/jlucas/.m2/repository/org/wildfly/core/wildfly-io/3.0.0.Final/wildfly-io-3.0.0.Final.jar:/home/jlucas/.m2/repository/org/jboss/marshalling/jboss-marshalling-river/2.0.0.Final/jboss-marshalling-river-2.0.0.Final.jar:/home/jlucas/.m2/repository/org/jboss/marshalling/jboss-marshalling/2.0.0.Final/jboss-marshalling-2.0.0.Final.jar:/home/jlucas/.m2/repository/org/jboss/arquillian/core/arquillian-core-api/1.2.0.Final/arquillian-core-api-1.2.0.Final.jar:"/>
    <property name="java.vm.vendor" value="Oracle Corporation"/>
    <property name="sun.arch.data.model" value="64"/>
    <property name="java.vendor.url" value="http://java.oracle.com/"/>
    <property name="user.timezone" value=""/>
    <property name="java.vm.specification.version" value="1.8"/>
    <property name="os.name" value="Linux"/>
    <property name="user.country" value="US"/>
    <property name="sun.java.launcher" value="SUN_STANDARD"/>
    <property name="sun.boot.library.path" value="/usr/lib/jvm/java-8-openjdk-amd64/jre/lib/amd64"/>
    <property name="sun.java.command" value="/home/jlucas/eclipse-workspace/bookstore-back/target/surefire/surefirebooter6142329069301649950.jar /home/jlucas/eclipse-workspace/bookstore-back/target/surefire 2019-01-16T15-04-04_436-jvmRun1 surefire8142496637639148808tmp surefire_0867987456948148312tmp"/>
    <property name="surefire.test.class.path" value="/home/jlucas/eclipse-workspace/bookstore-back/target/test-classes:/home/jlucas/eclipse-workspace/bookstore-back/target/classes:/home/jlucas/.m2/repository/javax/javaee-web-api/7.0/javaee-web-api-7.0.jar:/home/jlucas/.m2/repository/junit/junit/4.12/junit-4.12.jar:/home/jlucas/.m2/repository/org/hamcrest/hamcrest-core/1.3/hamcrest-core-1.3.jar:/home/jlucas/.m2/repository/org/jboss/shrinkwrap/shrinkwrap-spi/1.2.6/shrinkwrap-spi-1.2.6.jar:/home/jlucas/.m2/repository/org/jboss/shrinkwrap/resolver/shrinkwrap-resolver-api/3.0.1/shrinkwrap-resolver-api-3.0.1.jar:/home/jlucas/.m2/repository/org/jboss/shrinkwrap/resolver/shrinkwrap-resolver-spi/3.0.1/shrinkwrap-resolver-spi-3.0.1.jar:/home/jlucas/.m2/repository/org/jboss/shrinkwrap/resolver/shrinkwrap-resolver-api-maven/3.0.1/shrinkwrap-resolver-api-maven-3.0.1.jar:/home/jlucas/.m2/repository/org/apache/maven/maven-model/3.3.9/maven-model-3.3.9.jar:/home/jlucas/.m2/repository/org/apache/commons/commons-lang3/3.4/commons-lang3-3.4.jar:/home/jlucas/.m2/repository/org/jboss/shrinkwrap/resolver/shrinkwrap-resolver-spi-maven/3.0.1/shrinkwrap-resolver-spi-maven-3.0.1.jar:/home/jlucas/.m2/repository/org/jboss/shrinkwrap/resolver/shrinkwrap-resolver-api-maven-archive/3.0.1/shrinkwrap-resolver-api-maven-archive-3.0.1.jar:/home/jlucas/.m2/repository/org/jboss/shrinkwrap/resolver/shrinkwrap-resolver-impl-maven/3.0.1/shrinkwrap-resolver-impl-maven-3.0.1.jar:/home/jlucas/.m2/repository/org/eclipse/aether/aether-api/1.0.2.v20150114/aether-api-1.0.2.v20150114.jar:/home/jlucas/.m2/repository/org/eclipse/aether/aether-impl/1.0.2.v20150114/aether-impl-1.0.2.v20150114.jar:/home/jlucas/.m2/repository/org/eclipse/aether/aether-spi/1.0.2.v20150114/aether-spi-1.0.2.v20150114.jar:/home/jlucas/.m2/repository/org/eclipse/aether/aether-util/1.0.2.v20150114/aether-util-1.0.2.v20150114.jar:/home/jlucas/.m2/repository/org/eclipse/aether/aether-connector-basic/1.0.2.v20150114/aether-connector-basic-1.0.2.v20150114.jar:/home/jlucas/.m2/repository/org/eclipse/aether/aether-transport-wagon/1.0.2.v20150114/aether-transport-wagon-1.0.2.v20150114.jar:/home/jlucas/.m2/repository/org/apache/maven/maven-aether-provider/3.3.9/maven-aether-provider-3.3.9.jar:/home/jlucas/.m2/repository/org/codehaus/plexus/plexus-component-annotations/1.6/plexus-component-annotations-1.6.jar:/home/jlucas/.m2/repository/org/apache/maven/maven-model-builder/3.3.9/maven-model-builder-3.3.9.jar:/home/jlucas/.m2/repository/org/apache/maven/maven-artifact/3.3.9/maven-artifact-3.3.9.jar:/home/jlucas/.m2/repository/org/apache/maven/maven-builder-support/3.3.9/maven-builder-support-3.3.9.jar:/home/jlucas/.m2/repository/com/google/guava/guava/18.0/guava-18.0.jar:/home/jlucas/.m2/repository/org/apache/maven/maven-repository-metadata/3.3.9/maven-repository-metadata-3.3.9.jar:/home/jlucas/.m2/repository/org/apache/maven/maven-settings/3.3.9/maven-settings-3.3.9.jar:/home/jlucas/.m2/repository/org/apache/maven/maven-settings-builder/3.3.9/maven-settings-builder-3.3.9.jar:/home/jlucas/.m2/repository/org/codehaus/plexus/plexus-interpolation/1.21/plexus-interpolation-1.21.jar:/home/jlucas/.m2/repository/org/codehaus/plexus/plexus-utils/3.0.22/plexus-utils-3.0.22.jar:/home/jlucas/.m2/repository/org/sonatype/plexus/plexus-sec-dispatcher/1.3/plexus-sec-dispatcher-1.3.jar:/home/jlucas/.m2/repository/org/sonatype/plexus/plexus-cipher/1.7/plexus-cipher-1.7.jar:/home/jlucas/.m2/repository/org/apache/maven/wagon/wagon-provider-api/2.10/wagon-provider-api-2.10.jar:/home/jlucas/.m2/repository/org/apache/maven/wagon/wagon-file/2.10/wagon-file-2.10.jar:/home/jlucas/.m2/repository/commons-lang/commons-lang/2.6/commons-lang-2.6.jar:/home/jlucas/.m2/repository/org/apache/maven/wagon/wagon-http-lightweight/2.10/wagon-http-lightweight-2.10.jar:/home/jlucas/.m2/repository/org/apache/maven/wagon/wagon-http-shared/2.10/wagon-http-shared-2.10.jar:/home/jlucas/.m2/repository/org/jsoup/jsoup/1.7.2/jsoup-1.7.2.jar:/home/jlucas/.m2/repository/commons-io/commons-io/2.2/commons-io-2.2.jar:/home/jlucas/.m2/repository/org/jboss/shrinkwrap/resolver/shrinkwrap-resolver-impl-maven-archive/3.0.1/shrinkwrap-resolver-impl-maven-archive-3.0.1.jar:/home/jlucas/.m2/repository/org/jboss/shrinkwrap/resolver/shrinkwrap-resolver-spi-maven-archive/3.0.1/shrinkwrap-resolver-spi-maven-archive-3.0.1.jar:/home/jlucas/.m2/repository/org/eclipse/sisu/org.eclipse.sisu.plexus/0.3.2/org.eclipse.sisu.plexus-0.3.2.jar:/home/jlucas/.m2/repository/org/eclipse/sisu/org.eclipse.sisu.inject/0.3.2/org.eclipse.sisu.inject-0.3.2.jar:/home/jlucas/.m2/repository/org/codehaus/plexus/plexus-compiler-javac/2.7/plexus-compiler-javac-2.7.jar:/home/jlucas/.m2/repository/org/codehaus/plexus/plexus-compiler-api/2.7/plexus-compiler-api-2.7.jar:/home/jlucas/.m2/repository/org/jboss/shrinkwrap/resolver/shrinkwrap-resolver-api-maven-embedded/3.0.1/shrinkwrap-resolver-api-maven-embedded-3.0.1.jar:/home/jlucas/.m2/repository/org/apache/maven/shared/maven-invoker/3.0.0/maven-invoker-3.0.0.jar:/home/jlucas/.m2/repository/org/jboss/shrinkwrap/resolver/shrinkwrap-resolver-impl-maven-embedded/3.0.1/shrinkwrap-resolver-impl-maven-embedded-3.0.1.jar:/home/jlucas/.m2/repository/org/arquillian/spacelift/arquillian-spacelift/1.0.2/arquillian-spacelift-1.0.2.jar:/home/jlucas/.m2/repository/org/arquillian/spacelift/arquillian-spacelift-api/1.0.2/arquillian-spacelift-api-1.0.2.jar:/home/jlucas/.m2/repository/org/apache/commons/commons-compress/1.8.1/commons-compress-1.8.1.jar:/home/jlucas/.m2/repository/commons-codec/commons-codec/1.10/commons-codec-1.10.jar:/home/jlucas/.m2/repository/org/jboss/arquillian/junit/arquillian-junit-container/1.2.0.Final/arquillian-junit-container-1.2.0.Final.jar:/home/jlucas/.m2/repository/org/jboss/arquillian/junit/arquillian-junit-core/1.2.0.Final/arquillian-junit-core-1.2.0.Final.jar:/home/jlucas/.m2/repository/org/jboss/arquillian/test/arquillian-test-api/1.2.0.Final/arquillian-test-api-1.2.0.Final.jar:/home/jlucas/.m2/repository/org/jboss/arquillian/test/arquillian-test-spi/1.2.0.Final/arquillian-test-spi-1.2.0.Final.jar:/home/jlucas/.m2/repository/org/jboss/arquillian/container/arquillian-container-test-api/1.2.0.Final/arquillian-container-test-api-1.2.0.Final.jar:/home/jlucas/.m2/repository/org/jboss/arquillian/container/arquillian-container-test-spi/1.2.0.Final/arquillian-container-test-spi-1.2.0.Final.jar:/home/jlucas/.m2/repository/org/jboss/arquillian/container/arquillian-container-spi/1.2.0.Final/arquillian-container-spi-1.2.0.Final.jar:/home/jlucas/.m2/repository/org/jboss/shrinkwrap/descriptors/shrinkwrap-descriptors-api-base/2.0.0/shrinkwrap-descriptors-api-base-2.0.0.jar:/home/jlucas/.m2/repository/org/jboss/arquillian/core/arquillian-core-impl-base/1.2.0.Final/arquillian-core-impl-base-1.2.0.Final.jar:/home/jlucas/.m2/repository/org/jboss/arquillian/test/arquillian-test-impl-base/1.2.0.Final/arquillian-test-impl-base-1.2.0.Final.jar:/home/jlucas/.m2/repository/org/jboss/arquillian/container/arquillian-container-impl-base/1.2.0.Final/arquillian-container-impl-base-1.2.0.Final.jar:/home/jlucas/.m2/repository/org/jboss/arquillian/config/arquillian-config-api/1.2.0.Final/arquillian-config-api-1.2.0.Final.jar:/home/jlucas/.m2/repository/org/jboss/arquillian/config/arquillian-config-impl-base/1.2.0.Final/arquillian-config-impl-base-1.2.0.Final.jar:/home/jlucas/.m2/repository/org/jboss/shrinkwrap/descriptors/shrinkwrap-descriptors-spi/2.0.0/shrinkwrap-descriptors-spi-2.0.0.jar:/home/jlucas/.m2/repository/org/jboss/arquillian/container/arquillian-container-test-impl-base/1.2.0.Final/arquillian-container-test-impl-base-1.2.0.Final.jar:/home/jlucas/.m2/repository/org/jboss/shrinkwrap/shrinkwrap-impl-base/1.2.6/shrinkwrap-impl-base-1.2.6.jar:/home/jlucas/.m2/repository/org/jboss/shrinkwrap/shrinkwrap-api/1.2.6/shrinkwrap-api-1.2.6.jar:/home/jlucas/.m2/repository/org/wildfly/arquillian/wildfly-arquillian-container-remote/2.1.1.Final/wildfly-arquillian-container-remote-2.1.1.Final.jar:/home/jlucas/.m2/repository/org/wildfly/arquillian/wildfly-arquillian-common/2.1.1.Final/wildfly-arquillian-common-2.1.1.Final.jar:/home/jlucas/.m2/repository/org/jboss/arquillian/testenricher/arquillian-testenricher-cdi/1.2.0.Final/arquillian-testenricher-cdi-1.2.0.Final.jar:/home/jlucas/.m2/repository/org/jboss/arquillian/testenricher/arquillian-testenricher-ejb/1.2.0.Final/arquillian-testenricher-ejb-1.2.0.Final.jar:/home/jlucas/.m2/repository/org/jboss/arquillian/testenricher/arquillian-testenricher-initialcontext/1.2.0.Final/arquillian-testenricher-initialcontext-1.2.0.Final.jar:/home/jlucas/.m2/repository/org/jboss/arquillian/testenricher/arquillian-testenricher-resource/1.2.0.Final/arquillian-testenricher-resource-1.2.0.Final.jar:/home/jlucas/.m2/repository/org/jboss/arquillian/protocol/arquillian-protocol-servlet/1.2.0.Final/arquillian-protocol-servlet-1.2.0.Final.jar:/home/jlucas/.m2/repository/org/wildfly/arquillian/wildfly-arquillian-testenricher-msc/2.1.1.Final/wildfly-arquillian-testenricher-msc-2.1.1.Final.jar:/home/jlucas/.m2/repository/org/wildfly/core/wildfly-server/3.0.0.Final/wildfly-server-3.0.0.Final.jar:/home/jlucas/.m2/repository/org/wildfly/core/wildfly-controller/3.0.0.Final/wildfly-controller-3.0.0.Final.jar:/home/jlucas/.m2/repository/org/jboss/staxmapper/1.3.0.Final/staxmapper-1.3.0.Final.jar:/home/jlucas/.m2/repository/org/projectodd/vdx/vdx-wildfly/1.1.6/vdx-wildfly-1.1.6.jar:/home/jlucas/.m2/repository/org/projectodd/vdx/vdx-core/1.1.6/vdx-core-1.1.6.jar:/home/jlucas/.m2/repository/org/wildfly/core/wildfly-core-management-client/3.0.0.Final/wildfly-core-management-client-3.0.0.Final.jar:/home/jlucas/.m2/repository/org/wildfly/core/wildfly-domain-http-interface/3.0.0.Final/wildfly-domain-http-interface-3.0.0.Final.jar:/home/jlucas/.m2/repository/org/wildfly/security/elytron-web/undertow-server/1.0.0.Final/undertow-server-1.0.0.Final.jar:/home/jlucas/.m2/repository/org/wildfly/core/wildfly-deployment-repository/3.0.0.Final/wildfly-deployment-repository-3.0.0.Final.jar:/home/jlucas/.m2/repository/org/wildfly/core/wildfly-platform-mbean/3.0.0.Final/wildfly-platform-mbean-3.0.0.Final.jar:/home/jlucas/.m2/repository/org/wildfly/core/wildfly-process-controller/3.0.0.Final/wildfly-process-controller-3.0.0.Final.jar:/home/jlucas/.m2/repository/org/wildfly/core/wildfly-network/3.0.0.Final/wildfly-network-3.0.0.Final.jar:/home/jlucas/.m2/repository/org/wildfly/core/wildfly-version/3.0.0.Final/wildfly-version-3.0.0.Final.jar:/home/jlucas/.m2/repository/org/jboss/jandex/2.0.3.Final/jandex-2.0.3.Final.jar:/home/jlucas/.m2/repository/org/jboss/invocation/jboss-invocation/1.5.0.Final/jboss-invocation-1.5.0.Final.jar:/home/jlucas/.m2/repository/org/jboss/logmanager/jboss-logmanager/2.0.7.Final/jboss-logmanager-2.0.7.Final.jar:/home/jlucas/.m2/repository/org/jboss/modules/jboss-modules/1.6.0.Final/jboss-modules-1.6.0.Final.jar:/home/jlucas/.m2/repository/org/jboss/remoting/jboss-remoting/5.0.0.Final/jboss-remoting-5.0.0.Final.jar:/home/jlucas/.m2/repository/org/jboss/stdio/jboss-stdio/1.0.2.GA/jboss-stdio-1.0.2.GA.jar:/home/jlucas/.m2/repository/org/jboss/jboss-vfs/3.2.12.Final/jboss-vfs-3.2.12.Final.jar:/home/jlucas/.m2/repository/io/undertow/undertow-core/1.4.18.Final/undertow-core-1.4.18.Final.jar:/home/jlucas/.m2/repository/org/wildfly/core/wildfly-controller-client/3.0.0.Final/wildfly-controller-client-3.0.0.Final.jar:/home/jlucas/.m2/repository/org/wildfly/core/wildfly-protocol/3.0.0.Final/wildfly-protocol-3.0.0.Final.jar:/home/jlucas/.m2/repository/org/jboss/xnio/xnio-api/3.5.1.Final/xnio-api-3.5.1.Final.jar:/home/jlucas/.m2/repository/org/jboss/xnio/xnio-nio/3.5.1.Final/xnio-nio-3.5.1.Final.jar:/home/jlucas/.m2/repository/org/jboss/jboss-dmr/1.4.1.Final/jboss-dmr-1.4.1.Final.jar:/home/jlucas/.m2/repository/org/jboss/logging/jboss-logging/3.3.1.Final/jboss-logging-3.3.1.Final.jar:/home/jlucas/.m2/repository/org/jboss/threads/jboss-threads/2.2.1.Final/jboss-threads-2.2.1.Final.jar:/home/jlucas/.m2/repository/org/wildfly/plugins/wildfly-plugin-core/1.2.0.Final/wildfly-plugin-core-1.2.0.Final.jar:/home/jlucas/.m2/repository/org/jboss/shrinkwrap/descriptors/shrinkwrap-descriptors-impl-base/2.0.0/shrinkwrap-descriptors-impl-base-2.0.0.jar:/home/jlucas/.m2/repository/org/wildfly/common/wildfly-common/1.2.0.Final/wildfly-common-1.2.0.Final.jar:/home/jlucas/.m2/repository/org/wildfly/arquillian/wildfly-arquillian-protocol-jmx/2.1.1.Final/wildfly-arquillian-protocol-jmx-2.1.1.Final.jar:/home/jlucas/.m2/repository/org/wildfly/security/wildfly-elytron/1.1.0.Final/wildfly-elytron-1.1.0.Final.jar:/home/jlucas/.m2/repository/org/jboss/arquillian/core/arquillian-core-spi/1.2.0.Final/arquillian-core-spi-1.2.0.Final.jar:/home/jlucas/.m2/repository/org/jboss/arquillian/protocol/arquillian-protocol-jmx/1.2.0.Final/arquillian-protocol-jmx-1.2.0.Final.jar:/home/jlucas/.m2/repository/org/wildfly/core/wildfly-jmx/3.0.0.Final/wildfly-jmx-3.0.0.Final.jar:/home/jlucas/.m2/repository/org/jboss/msc/jboss-msc/1.2.7.SP1/jboss-msc-1.2.7.SP1.jar:/home/jlucas/.m2/repository/org/jboss/remotingjmx/remoting-jmx/3.0.0.Final/remoting-jmx-3.0.0.Final.jar:/home/jlucas/.m2/repository/org/wildfly/client/wildfly-client-config/1.0.0.Final/wildfly-client-config-1.0.0.Final.jar:/home/jlucas/.m2/repository/org/wildfly/core/wildfly-remoting/3.0.0.Final/wildfly-remoting-3.0.0.Final.jar:/home/jlucas/.m2/repository/org/wildfly/core/wildfly-domain-management/3.0.0.Final/wildfly-domain-management-3.0.0.Final.jar:/home/jlucas/.m2/repository/org/picketbox/picketbox/5.0.2.Final/picketbox-5.0.2.Final.jar:/home/jlucas/.m2/repository/org/wildfly/openssl/wildfly-openssl-java/1.0.2.Final/wildfly-openssl-java-1.0.2.Final.jar:/home/jlucas/.m2/repository/org/wildfly/core/wildfly-core-security/3.0.0.Final/wildfly-core-security-3.0.0.Final.jar:/home/jlucas/.m2/repository/org/wildfly/core/wildfly-core-security-api/3.0.0.Final/wildfly-core-security-api-3.0.0.Final.jar:/home/jlucas/.m2/repository/org/wildfly/core/wildfly-io/3.0.0.Final/wildfly-io-3.0.0.Final.jar:/home/jlucas/.m2/repository/org/jboss/marshalling/jboss-marshalling-river/2.0.0.Final/jboss-marshalling-river-2.0.0.Final.jar:/home/jlucas/.m2/repository/org/jboss/marshalling/jboss-marshalling/2.0.0.Final/jboss-marshalling-2.0.0.Final.jar:/home/jlucas/.m2/repository/org/jboss/arquillian/core/arquillian-core-api/1.2.0.Final/arquillian-core-api-1.2.0.Final.jar:"/>
    <property name="sun.cpu.endian" value="little"/>
    <property name="user.home" value="/home/jlucas"/>
    <property name="user.language" value="en"/>
    <property name="java.specification.vendor" value="Oracle Corporation"/>
    <property name="java.home" value="/usr/lib/jvm/java-8-openjdk-amd64/jre"/>
    <property name="basedir" value="/home/jlucas/eclipse-workspace/bookstore-back"/>
    <property name="file.separator" value="/"/>
    <property name="line.separator" value="&#10;"/>
    <property name="java.vm.specification.vendor" value="Oracle Corporation"/>
    <property name="java.specification.name" value="Java Platform API Specification"/>
    <property name="java.awt.graphicsenv" value="sun.awt.X11GraphicsEnvironment"/>
    <property name="surefire.real.class.path" value="/home/jlucas/eclipse-workspace/bookstore-back/target/surefire/surefirebooter6142329069301649950.jar"/>
    <property name="sun.boot.class.path" value="/usr/lib/jvm/java-8-openjdk-amd64/jre/lib/resources.jar:/usr/lib/jvm/java-8-openjdk-amd64/jre/lib/rt.jar:/usr/lib/jvm/java-8-openjdk-amd64/jre/lib/sunrsasign.jar:/usr/lib/jvm/java-8-openjdk-amd64/jre/lib/jsse.jar:/usr/lib/jvm/java-8-openjdk-amd64/jre/lib/jce.jar:/usr/lib/jvm/java-8-openjdk-amd64/jre/lib/charsets.jar:/usr/lib/jvm/java-8-openjdk-amd64/jre/lib/jfr.jar:/usr/lib/jvm/java-8-openjdk-amd64/jre/classes"/>
    <property name="sun.management.compiler" value="HotSpot 64-Bit Tiered Compilers"/>
    <property name="java.runtime.version" value="1.8.0_191-8u191-b12-0ubuntu0.18.04.1-b12"/>
    <property name="user.name" value="jlucas"/>
    <property name="path.separator" value=":"/>
    <property name="os.version" value="4.15.0-43-generic"/>
    <property name="java.endorsed.dirs" value="/usr/lib/jvm/java-8-openjdk-amd64/jre/lib/endorsed"/>
    <property name="java.runtime.name" value="OpenJDK Runtime Environment"/>
    <property name="file.encoding" value="UTF-8"/>
    <property name="java.vm.name" value="OpenJDK 64-Bit Server VM"/>
    <property name="localRepository" value="/home/jlucas/.m2/repository"/>
    <property name="java.vendor.url.bug" value="http://bugreport.sun.com/bugreport/"/>
    <property name="java.io.tmpdir" value="/tmp"/>
    <property name="java.version" value="1.8.0_191"/>
    <property name="user.dir" value="/home/jlucas/eclipse-workspace/bookstore-back"/>
    <property name="os.arch" value="amd64"/>
    <property name="java.vm.specification.name" value="Java Virtual Machine Specification"/>
    <property name="java.awt.printerjob" value="sun.print.PSPrinterJob"/>
    <property name="sun.os.patch.level" value="unknown"/>
    <property name="java.library.path" value="/usr/java/packages/lib/amd64:/usr/lib/x86_64-linux-gnu/jni:/lib/x86_64-linux-gnu:/usr/lib/x86_64-linux-gnu:/usr/lib/jni:/lib:/usr/lib"/>
    <property name="java.vm.info" value="mixed mode"/>
    <property name="java.vendor" value="Oracle Corporation"/>
    <property name="java.vm.version" value="25.191-b12"/>
    <property name="java.ext.dirs" value="/usr/lib/jvm/java-8-openjdk-amd64/jre/lib/ext:/usr/java/packages/lib/ext"/>
    <property name="sun.io.unicode.encoding" value="UnicodeLittle"/>
    <property name="java.class.version" value="52.0"/>
  </properties>
  <testcase name="create" classname="com.pluralsight.bookstore.repository.BookRepositoryTest" time="0.19"/>
</testsuite>